<?xml version="1.0" encoding="UTF-8"?>
<testsuite xmlns:xsi="http://www.w3.org/2001/XMLSchema-instance" xsi:noNamespaceSchemaLocation="https://maven.apache.org/surefire/maven-surefire-plugin/xsd/surefire-test-report-3.0.xsd" version="3.0" name="com.example.voting.controller.VoteControllerTest" time="0.053" tests="26" errors="0" skipped="0" failures="0">
  <properties>
[...]
</properties>
  <testcase name="testViewJspPath" classname="com.example.voting.controller.VoteControllerTest" time="0.001"/>
  <testcase name="testParseId_NotNumber" classname="com.example.voting.controller.VoteControllerTest" time="0.0"/>
  <testcase name="testValidateVote_AllEmpty" classname="com.example.voting.controller.VoteControllerTest" time="0.002"/>
  <testcase name="testValidateVote_Valid" classname="com.example.voting.controller.VoteControllerTest" time="0.001"/>
  <testcase name="testListJspPath" classname="com.example.voting.controller.VoteControllerTest" time="0.001"/>
  <testcase name="testParseDate_Valid" classname="com.example.voting.controller.VoteControllerTest" time="0.005"/>
  <testcase name="testVoteServiceInstantiation" classname="com.example.voting.controller.VoteControllerTest" time="0.005"/>
  <testcase name="testValidationErrorMessage" classname="com.example.voting.controller.VoteControllerTest" time="0.001"/>
  <testcase name="testEditVoteFormData" classname="com.example.voting.controller.VoteControllerTest" time="0.001"/>
  <testcase name="testRouting_Edit" classname="com.example.voting.controller.VoteControllerTest" time="0.0"/>
  <testcase name="testRouting_List" classname="com.example.voting.controller.VoteControllerTest" time="0.0"/>
  <testcase name="testRouting_View" classname="com.example.voting.controller.VoteControllerTest" time="0.001"/>
  <testcase name="testParseId_Null" classname="com.example.voting.controller.VoteControllerTest" time="0.0"/>
  <testcase name="testParseId_Blank" classname="com.example.voting.controller.VoteControllerTest" time="0.001"/>
  <testcase name="testParseId_Empty" classname="com.example.voting.controller.VoteControllerTest" time="0.0"/>
  <testcase name="testParseId_Valid" classname="com.example.voting.controller.VoteControllerTest" time="0.001"/>
  <testcase name="testValidateVote_TitleTooLong" classname="com.example.voting.controller.VoteControllerTest" time="0.001"/>
  <testcase name="testRedirectUrl" classname="com.example.voting.controller.VoteControllerTest" time="0.002"/>
  <testcase name="testParseDate_InvalidFormat" classname="com.example.voting.controller.VoteControllerTest" time="0.003"/>
  <testcase name="testRouting_New" classname="com.example.voting.controller.VoteControllerTest" time="0.002"/>
  <testcase name="testVoteControllerInstantiation" classname="com.example.voting.controller.VoteControllerTest" time="0.002"/>
  <testcase name="testParseId_Negative" classname="com.example.voting.controller.VoteControllerTest" time="0.001"/>
  <testcase name="testFormJspPath" classname="com.example.voting.controller.VoteControllerTest" time="0.001"/>
  <testcase name="testCreateVoteFormData" classname="com.example.voting.controller.VoteControllerTest" time="0.001"/>
  <testcase name="testRouting_NullPath" classname="com.example.voting.controller.VoteControllerTest" time="0.001"/>
  <testcase name="testRouting_Delete" classname="com.example.voting.controller.VoteControllerTest" time="0.0"/>
</testsuite>